[2025-09-12 16:30:20] 钩子管理器启动，操作: smart
[2025-09-12 16:30:20] === 开始智能修复（基于通知规则） ===
[2025-09-12 16:30:20] 钩子模板检查通过: /var/www/html/templete/hooks/wecom_notify/post-commit
[2025-09-12 16:30:20] 数据库中没有启用的通知规则
[2025-09-12 16:30:20] 警告: 仓库不存在: [2025-09-12 16:30:20] 数据库中没有启用的通知规则
[2025-09-12 16:30:20] 智能修复完成: 成功 0, 失败 0
[2025-09-12 16:42:34] 钩子管理器启动，操作: smart
[2025-09-12 16:42:34] === 开始智能修复（基于通知规则） ===
[2025-09-12 16:42:34] 钩子模板检查通过: /var/www/html/templete/hooks/wecom_notify/post-commit
[2025-09-12 16:42:34] 数据库中没有启用的通知规则
[2025-09-12 16:42:34] 警告: 仓库不存在: [2025-09-12 16:42:34] 数据库中没有启用的通知规则
[2025-09-12 16:42:34] 智能修复完成: 成功 0, 失败 0
[2025-09-12 17:59:37] 钩子管理器启动，操作: smart
[2025-09-12 17:59:37] === 开始智能修复（基于通知规则） ===
[2025-09-12 17:59:37] 钩子模板检查通过: /var/www/html/templete/hooks/wecom_notify/post-commit
[2025-09-12 17:59:37] 数据库中没有启用的通知规则
[2025-09-12 17:59:37] 警告: 仓库不存在: [2025-09-12 17:59:37] 数据库中没有启用的通知规则
[2025-09-12 17:59:37] 智能修复完成: 成功 0, 失败 0
[2025-09-15 08:58:13] 钩子管理器启动，操作: smart
[2025-09-15 08:58:13] === 开始智能修复（基于通知规则） ===
[2025-09-15 08:58:13] 钩子模板检查通过: /var/www/html/templete/hooks/wecom_notify/post-commit
[2025-09-15 08:58:13] 数据库中没有启用的通知规则
[2025-09-15 08:58:13] 警告: 仓库不存在: [2025-09-15 08:58:13] 数据库中没有启用的通知规则
[2025-09-15 08:58:13] 智能修复完成: 成功 0, 失败 0
[2025-09-15 08:59:19] 钩子管理器启动，操作: smart
[2025-09-15 08:59:19] === 开始智能修复（基于通知规则） ===
[2025-09-15 08:59:19] 钩子模板检查通过: /var/www/html/templete/hooks/wecom_notify/post-commit
[2025-09-15 08:59:19] 数据库中没有启用的通知规则
[2025-09-15 08:59:19] 警告: 仓库不存在: [2025-09-15 08:59:19] 数据库中没有启用的通知规则
[2025-09-15 08:59:19] 智能修复完成: 成功 0, 失败 0
[2025-09-15 09:07:04] 钩子管理器启动，操作: smart
[2025-09-15 09:07:04] === 开始智能修复（基于通知规则） ===
[2025-09-15 09:07:04] 钩子模板检查通过: /var/www/html/templete/hooks/wecom_notify/post-commit
[2025-09-15 09:07:04] 数据库中没有启用的通知规则
[2025-09-15 09:07:04] 警告: 仓库不存在: [2025-09-15 09:07:04] 数据库中没有启用的通知规则
[2025-09-15 09:07:04] 智能修复完成: 成功 0, 失败 0
[2025-09-15 09:44:16] 钩子管理器启动，操作: smart
[2025-09-15 09:44:16] === 开始智能修复（基于通知规则） ===
[2025-09-15 09:44:16] 钩子模板检查通过: /var/www/html/templete/hooks/wecom_notify/post-commit
[2025-09-15 09:44:16] 数据库中没有启用的通知规则
[2025-09-15 09:44:16] 警告: 仓库不存在: [2025-09-15 09:44:16] 数据库中没有启用的通知规则
[2025-09-15 09:44:16] 智能修复完成: 成功 0, 失败 0
